New log file opened at Tue Mar 08 16:03:25 IRKT 2016 by 3408@user
Taking next connection to: 2136
New client attempting to connect on port: 2137-2136
  Address = /192.168.1.103:2136
This client on port 2137 has uuid 651a57f3-a00d-44be-be53-a08fc03b550f configName activator humanReadableName Activator protocolVersion 3 featureTags Vector()
Connected Clients: activator-651a57f3-a00d-44be-be53-a08fc03b550f
Taking next connection to: 2136
New client attempting to connect on port: 2141-2136
  Address = /192.168.1.103:2136
Handshake exception on socket: 2141
sbt.impl.ipc.HandshakeException: Unable to perform handshake
	at sbt.impl.ipc.Peer.handshake(IPC.scala:46)
	at sbt.impl.ipc.MultiClientServer.<init>(IPC.scala:150)
	at sbt.server.SbtServerSocketHandler$$anon$1.run(SbtServerSocketHandler.scala:43)
Caused by: java.io.EOFException
	at java.io.DataInputStream.readInt(Unknown Source)
	at sbt.impl.ipc.Peer.receive(IPC.scala:95)
	at sbt.impl.ipc.Peer.handshake(IPC.scala:49)
	... 2 more
Taking next connection to: 2136
New client attempting to connect on port: 2142-2136
  Address = /192.168.1.103:2136
This client on port 2142 has uuid 00f49675-c74a-408e-8f1e-2995f395ffee configName activator humanReadableName Activator protocolVersion 3 featureTags Vector()
Connected Clients: activator-00f49675-c74a-408e-8f1e-2995f395ffee
Taking next connection to: 2136
